E:\SY\DDMJ\DUODUO_NEW\GAME_HJ_ZZ_CS\PROJ.WIN32\GAME_HJ_15.WIN32\HNPRIVATESCENCEHN.OBJ
䕞尺祳摜浤屪畤摯潵湟睥䝜浡彥䩈婟彚千灜潲⹪楷㍮尲汃敩瑮么卟⹃捶灸潲൪䔊尺祳摜浤屪畤摯潵湟睥䝜浡䉥獡履牰橯眮湩㈳䑜扥杵眮湩㈳䝜浡彥䩈ㅟ⸵楬ൢ䔊尺祳摜浤屪畤摯潵湟睥䝜浡䉥獡履牰橯眮湩㈳䑜扥杵眮湩㈳䝜浡彥䩈ㅟ⸵楬ൢ䔊尺祳摜浤屪畤摯潵湟睥䝜浡䉥獡履牰橯眮湩㈳䑜扥杵眮湩㈳䝜浡彥䩈ㅟ⸵硥൰䔊尺祳摜浤屪畤摯潵湟睥䝜浡䉥獡履牰橯眮湩㈳䑜扥杵眮湩㈳䝜浡彥䩈ㅟ⸵硥൰
E:\SY\DDMJ\DUODUO_NEW\GAMEBASE\PROJ.WIN32\DEBUG.WIN32\GAME_HJ_15.ILK
E:\SY\DDMJ\DUODUO_NEW\GAMEBASE\PROJ.WIN32\DEBUG.WIN32\GAME_HJ_15.EXE
E:\SY\DDMJ\DUODUO_NEW\GAMEBASE\PROJ.WIN32\DEBUG.WIN32\GAME_HJ_15.PDB
F:\湖南麻将发给客户\客户端\duoduo_new\Game_HJ_ZZ_CS\proj.win32\Game_HJ_15.win32\AppDelegate.obj
F:\湖南麻将发给客户\客户端\duoduo_new\Game_HJ_ZZ_CS\proj.win32\Game_HJ_15.win32\HNGame.obj
F:\湖南麻将发给客户\客户端\duoduo_new\Game_HJ_ZZ_CS\proj.win32\Game_HJ_15.win32\HNGameManager.obj
F:\湖南麻将发给客户\客户端\duoduo_new\Game_HJ_ZZ_CS\proj.win32\Game_HJ_15.win32\HNGameManager_Game.obj
F:\湖南麻将发给客户\客户端\duoduo_new\Game_HJ_ZZ_CS\proj.win32\Game_HJ_15.win32\HNGameRecord.obj
F:\湖南麻将发给客户\客户端\duoduo_new\Game_HJ_ZZ_CS\proj.win32\Game_HJ_15.win32\HNHelpScence.obj
F:\湖南麻将发给客户\客户端\duoduo_new\Game_HJ_ZZ_CS\proj.win32\Game_HJ_15.win32\HNHomeScence.obj
F:\湖南麻将发给客户\客户端\duoduo_new\Game_HJ_ZZ_CS\proj.win32\Game_HJ_15.win32\HNHomeScence_Button.obj
F:\湖南麻将发给客户\客户端\duoduo_new\Game_HJ_ZZ_CS\proj.win32\Game_HJ_15.win32\HNHomeScence_Sink.obj
F:\湖南麻将发给客户\客户端\duoduo_new\Game_HJ_ZZ_CS\proj.win32\Game_HJ_15.win32\HNLogonScence.obj
F:\湖南麻将发给客户\客户端\duoduo_new\Game_HJ_ZZ_CS\proj.win32\Game_HJ_15.win32\HNPrivateScenceHN.obj
F:\湖南麻将发给客户\客户端\duoduo_new\Game_HJ_ZZ_CS\proj.win32\Game_HJ_15.win32\HNScenceManager.obj
F:\湖南麻将发给客户\客户端\duoduo_new\Game_HJ_ZZ_CS\proj.win32\Game_HJ_15.win32\HNSetScence.obj
F:\湖南麻将发给客户\客户端\duoduo_new\Game_HJ_ZZ_CS\proj.win32\Game_HJ_15.win32\HNShopScence.obj
F:\湖南麻将发给客户\客户端\duoduo_new\Game_HJ_ZZ_CS\proj.win32\Game_HJ_15.win32\main.obj
F:\湖南麻将发给客户\客户端\duoduo_new\Game_HJ_ZZ_CS\proj.win32\Game_HJ_15.win32\CL.4120.read.1.tlog
F:\湖南麻将发给客户\客户端\duoduo_new\Game_HJ_ZZ_CS\proj.win32\Game_HJ_15.win32\CL.4120.write.1.tlog
F:\湖南麻将发给客户\客户端\duoduo_new\Game_HJ_ZZ_CS\proj.win32\Game_HJ_15.win32\CL.6188.read.1.tlog
F:\湖南麻将发给客户\客户端\duoduo_new\Game_HJ_ZZ_CS\proj.win32\Game_HJ_15.win32\CL.6188.write.1.tlog
F:\湖南麻将发给客户\客户端\duoduo_new\Game_HJ_ZZ_CS\proj.win32\Game_HJ_15.win32\CL.7580.read.1.tlog
F:\湖南麻将发给客户\客户端\duoduo_new\Game_HJ_ZZ_CS\proj.win32\Game_HJ_15.win32\CL.7580.write.1.tlog
F:\湖南麻将发给客户\客户端\duoduo_new\Game_HJ_ZZ_CS\proj.win32\Game_HJ_15.win32\CL.8044.read.1.tlog
F:\湖南麻将发给客户\客户端\duoduo_new\Game_HJ_ZZ_CS\proj.win32\Game_HJ_15.win32\CL.8044.write.1.tlog
F:\湖南麻将发给客户\客户端\duoduo_new\Game_HJ_ZZ_CS\proj.win32\Game_HJ_15.win32\cl.command.1.tlog
F:\湖南麻将发给客户\客户端\duoduo_new\Game_HJ_ZZ_CS\proj.win32\Game_HJ_15.win32\CL.read.1.tlog
F:\湖南麻将发给客户\客户端\duoduo_new\Game_HJ_ZZ_CS\proj.win32\Game_HJ_15.win32\cl.write.1.tlog
F:\湖南麻将发给客户\客户端\duoduo_new\Game_HJ_ZZ_CS\proj.win32\Game_HJ_15.win32\Game_HJ_15.write.1.tlog
F:\湖南麻将发给客户\客户端\duoduo_new\Game_HJ_ZZ_CS\proj.win32\Game_HJ_15.win32\link-cvtres.read.1.tlog
F:\湖南麻将发给客户\客户端\duoduo_new\Game_HJ_ZZ_CS\proj.win32\Game_HJ_15.win32\link-cvtres.write.1.tlog
F:\湖南麻将发给客户\客户端\duoduo_new\Game_HJ_ZZ_CS\proj.win32\Game_HJ_15.win32\link-rc.read.1.tlog
F:\湖南麻将发给客户\客户端\duoduo_new\Game_HJ_ZZ_CS\proj.win32\Game_HJ_15.win32\link-rc.write.1.tlog
F:\湖南麻将发给客户\客户端\duoduo_new\Game_HJ_ZZ_CS\proj.win32\Game_HJ_15.win32\link.1232-cvtres.read.1.tlog
F:\湖南麻将发给客户\客户端\duoduo_new\Game_HJ_ZZ_CS\proj.win32\Game_HJ_15.win32\link.1232-cvtres.write.1.tlog
F:\湖南麻将发给客户\客户端\duoduo_new\Game_HJ_ZZ_CS\proj.win32\Game_HJ_15.win32\link.1232-rc.read.1.tlog
F:\湖南麻将发给客户\客户端\duoduo_new\Game_HJ_ZZ_CS\proj.win32\Game_HJ_15.win32\link.1232-rc.write.1.tlog
F:\湖南麻将发给客户\客户端\duoduo_new\Game_HJ_ZZ_CS\proj.win32\Game_HJ_15.win32\link.1232.read.1.tlog
F:\湖南麻将发给客户\客户端\duoduo_new\Game_HJ_ZZ_CS\proj.win32\Game_HJ_15.win32\link.1232.write.1.tlog
F:\湖南麻将发给客户\客户端\duoduo_new\Game_HJ_ZZ_CS\proj.win32\Game_HJ_15.win32\link.3520-cvtres.read.1.tlog
F:\湖南麻将发给客户\客户端\duoduo_new\Game_HJ_ZZ_CS\proj.win32\Game_HJ_15.win32\link.3520-cvtres.write.1.tlog
F:\湖南麻将发给客户\客户端\duoduo_new\Game_HJ_ZZ_CS\proj.win32\Game_HJ_15.win32\link.3520-rc.read.1.tlog
F:\湖南麻将发给客户\客户端\duoduo_new\Game_HJ_ZZ_CS\proj.win32\Game_HJ_15.win32\link.3520-rc.write.1.tlog
F:\湖南麻将发给客户\客户端\duoduo_new\Game_HJ_ZZ_CS\proj.win32\Game_HJ_15.win32\link.3520.read.1.tlog
F:\湖南麻将发给客户\客户端\duoduo_new\Game_HJ_ZZ_CS\proj.win32\Game_HJ_15.win32\link.3520.write.1.tlog
F:\湖南麻将发给客户\客户端\duoduo_new\Game_HJ_ZZ_CS\proj.win32\Game_HJ_15.win32\link.7980-cvtres.read.1.tlog
F:\湖南麻将发给客户\客户端\duoduo_new\Game_HJ_ZZ_CS\proj.win32\Game_HJ_15.win32\link.7980-cvtres.write.1.tlog
F:\湖南麻将发给客户\客户端\duoduo_new\Game_HJ_ZZ_CS\proj.win32\Game_HJ_15.win32\link.7980-rc.read.1.tlog
F:\湖南麻将发给客户\客户端\duoduo_new\Game_HJ_ZZ_CS\proj.win32\Game_HJ_15.win32\link.7980-rc.write.1.tlog
F:\湖南麻将发给客户\客户端\duoduo_new\Game_HJ_ZZ_CS\proj.win32\Game_HJ_15.win32\link.7980.read.1.tlog
F:\湖南麻将发给客户\客户端\duoduo_new\Game_HJ_ZZ_CS\proj.win32\Game_HJ_15.win32\link.7980.write.1.tlog
F:\湖南麻将发给客户\客户端\duoduo_new\Game_HJ_ZZ_CS\proj.win32\Game_HJ_15.win32\link.command.1.tlog
F:\湖南麻将发给客户\客户端\duoduo_new\Game_HJ_ZZ_CS\proj.win32\Game_HJ_15.win32\link.read.1.tlog
F:\湖南麻将发给客户\客户端\duoduo_new\Game_HJ_ZZ_CS\proj.win32\Game_HJ_15.win32\link.write.1.tlog
F:\湖南麻将发给客户\客户端\duoduo_new\Game_HJ_ZZ_CS\proj.win32\../../GameBase/proj.win32/Debug.win32\Game_HJ_15.exe
