E:\SY\DUODUO_NEW\GAMEBASE\COCOS2D\COCOS\EDITOR-SUPPORT\SPINE\PROJ.WIN32\DEBUG.WIN32\VC110.PDB
E:\SY\GAMEBASE\COCOS2D\COCOS\EDITOR-SUPPORT\SPINE\PROJ.WIN32\DEBUG.WIN32\ANIMATION.OBJ
E:\SY\GAMEBASE\COCOS2D\COCOS\EDITOR-SUPPORT\SPINE\PROJ.WIN32\DEBUG.WIN32\BONE.OBJ
E:\SY\GAMEBASE\COCOS2D\COCOS\EDITOR-SUPPORT\SPINE\PROJ.WIN32\DEBUG.WIN32\EVENT.OBJ
E:\SY\GAMEBASE\COCOS2D\COCOS\EDITOR-SUPPORT\SPINE\PROJ.WIN32\DEBUG.WIN32\IKCONSTRAINTDATA.OBJ
E:\SY\GAMEBASE\COCOS2D\COCOS\EDITOR-SUPPORT\SPINE\PROJ.WIN32\DEBUG.WIN32\REGIONATTACHMENT.OBJ
E:\SY\GAMEBASE\COCOS2D\COCOS\EDITOR-SUPPORT\SPINE\PROJ.WIN32\DEBUG.WIN32\SKELETONDATA.OBJ
E:\SY\GAMEBASE\COCOS2D\COCOS\EDITOR-SUPPORT\SPINE\PROJ.WIN32\DEBUG.WIN32\SKINNEDMESHATTACHMENT.OBJ
E:\SY\GAMEBASE\COCOS2D\COCOS\EDITOR-SUPPORT\SPINE\PROJ.WIN32\DEBUG.WIN32\SLOTDATA.OBJ
E:\SY\GAMEBASE\COCOS2D\COCOS\EDITOR-SUPPORT\SPINE\PROJ.WIN32\DEBUG.WIN32\ATLAS.OBJ
E:\SY\GAMEBASE\COCOS2D\COCOS\EDITOR-SUPPORT\SPINE\PROJ.WIN32\DEBUG.WIN32\ATTACHMENTLOADER.OBJ
E:\SY\GAMEBASE\COCOS2D\COCOS\EDITOR-SUPPORT\SPINE\PROJ.WIN32\DEBUG.WIN32\EVENTDATA.OBJ
E:\SY\GAMEBASE\COCOS2D\COCOS\EDITOR-SUPPORT\SPINE\PROJ.WIN32\DEBUG.WIN32\JSON.OBJ
E:\SY\GAMEBASE\COCOS2D\COCOS\EDITOR-SUPPORT\SPINE\PROJ.WIN32\DEBUG.WIN32\SKELETON.OBJ
E:\SY\GAMEBASE\COCOS2D\COCOS\EDITOR-SUPPORT\SPINE\PROJ.WIN32\DEBUG.WIN32\SKIN.OBJ
E:\SY\GAMEBASE\COCOS2D\COCOS\EDITOR-SUPPORT\SPINE\PROJ.WIN32\DEBUG.WIN32\EXTENSION.OBJ
E:\SY\GAMEBASE\COCOS2D\COCOS\EDITOR-SUPPORT\SPINE\PROJ.WIN32\DEBUG.WIN32\ANIMATIONSTATE.OBJ
E:\SY\GAMEBASE\COCOS2D\COCOS\EDITOR-SUPPORT\SPINE\PROJ.WIN32\DEBUG.WIN32\ATLASATTACHMENTLOADER.OBJ
E:\SY\GAMEBASE\COCOS2D\COCOS\EDITOR-SUPPORT\SPINE\PROJ.WIN32\DEBUG.WIN32\BOUNDINGBOXATTACHMENT.OBJ
E:\SY\GAMEBASE\COCOS2D\COCOS\EDITOR-SUPPORT\SPINE\PROJ.WIN32\DEBUG.WIN32\MESHATTACHMENT.OBJ
E:\SY\GAMEBASE\COCOS2D\COCOS\EDITOR-SUPPORT\SPINE\PROJ.WIN32\DEBUG.WIN32\SKELETONJSON.OBJ
E:\SY\GAMEBASE\COCOS2D\COCOS\EDITOR-SUPPORT\SPINE\PROJ.WIN32\DEBUG.WIN32\ANIMATIONSTATEDATA.OBJ
E:\SY\GAMEBASE\COCOS2D\COCOS\EDITOR-SUPPORT\SPINE\PROJ.WIN32\DEBUG.WIN32\ATTACHMENT.OBJ
E:\SY\GAMEBASE\COCOS2D\COCOS\EDITOR-SUPPORT\SPINE\PROJ.WIN32\DEBUG.WIN32\BONEDATA.OBJ
E:\SY\GAMEBASE\COCOS2D\COCOS\EDITOR-SUPPORT\SPINE\PROJ.WIN32\DEBUG.WIN32\IKCONSTRAINT.OBJ
E:\SY\GAMEBASE\COCOS2D\COCOS\EDITOR-SUPPORT\SPINE\PROJ.WIN32\DEBUG.WIN32\SKELETONBOUNDS.OBJ
E:\SY\GAMEBASE\COCOS2D\COCOS\EDITOR-SUPPORT\SPINE\PROJ.WIN32\DEBUG.WIN32\SLOT.OBJ
E:\SY\GAMEBASE\COCOS2D\COCOS\EDITOR-SUPPORT\SPINE\PROJ.WIN32\DEBUG.WIN32\VC110.PDB
E:\SY\GAMEBASE\COCOS2D\COCOS\EDITOR-SUPPORT\SPINE\PROJ.WIN32\DEBUG.WIN32\SKELETONANIMATION.OBJ
E:\SY\GAMEBASE\COCOS2D\COCOS\EDITOR-SUPPORT\SPINE\PROJ.WIN32\DEBUG.WIN32\POLYGONBATCH.OBJ
E:\SY\GAMEBASE\COCOS2D\COCOS\EDITOR-SUPPORT\SPINE\PROJ.WIN32\DEBUG.WIN32\SPINE-COCOS2DX.OBJ
E:\SY\GAMEBASE\COCOS2D\COCOS\EDITOR-SUPPORT\SPINE\PROJ.WIN32\DEBUG.WIN32\SKELETONRENDERER.OBJ
E:\SY\多多麻将2017-3-3\DUODUO_NEW\GAMEBASE\COCOS2D\COCOS\EDITOR-SUPPORT\SPINE\PROJ.WIN32\DEBUG.WIN32\VC110.PDB
E:\SY\DDMJ\DUODUO_NEW\GAMEBASE\COCOS2D\COCOS\EDITOR-SUPPORT\SPINE\PROJ.WIN32\DEBUG.WIN32\ANIMATION.OBJ
E:\SY\DDMJ\DUODUO_NEW\GAMEBASE\COCOS2D\COCOS\EDITOR-SUPPORT\SPINE\PROJ.WIN32\DEBUG.WIN32\EVENT.OBJ
E:\SY\DDMJ\DUODUO_NEW\GAMEBASE\COCOS2D\COCOS\EDITOR-SUPPORT\SPINE\PROJ.WIN32\DEBUG.WIN32\IKCONSTRAINTDATA.OBJ
E:\SY\DDMJ\DUODUO_NEW\GAMEBASE\COCOS2D\COCOS\EDITOR-SUPPORT\SPINE\PROJ.WIN32\DEBUG.WIN32\SKELETON.OBJ
E:\SY\DDMJ\DUODUO_NEW\GAMEBASE\COCOS2D\COCOS\EDITOR-SUPPORT\SPINE\PROJ.WIN32\DEBUG.WIN32\SKINNEDMESHATTACHMENT.OBJ
E:\SY\DDMJ\DUODUO_NEW\GAMEBASE\COCOS2D\COCOS\EDITOR-SUPPORT\SPINE\PROJ.WIN32\DEBUG.WIN32\ANIMATIONSTATE.OBJ
E:\SY\DDMJ\DUODUO_NEW\GAMEBASE\COCOS2D\COCOS\EDITOR-SUPPORT\SPINE\PROJ.WIN32\DEBUG.WIN32\ATTACHMENTLOADER.OBJ
E:\SY\DDMJ\DUODUO_NEW\GAMEBASE\COCOS2D\COCOS\EDITOR-SUPPORT\SPINE\PROJ.WIN32\DEBUG.WIN32\BOUNDINGBOXATTACHMENT.OBJ
E:\SY\DDMJ\DUODUO_NEW\GAMEBASE\COCOS2D\COCOS\EDITOR-SUPPORT\SPINE\PROJ.WIN32\DEBUG.WIN32\EXTENSION.OBJ
E:\SY\DDMJ\DUODUO_NEW\GAMEBASE\COCOS2D\COCOS\EDITOR-SUPPORT\SPINE\PROJ.WIN32\DEBUG.WIN32\MESHATTACHMENT.OBJ
E:\SY\DDMJ\DUODUO_NEW\GAMEBASE\COCOS2D\COCOS\EDITOR-SUPPORT\SPINE\PROJ.WIN32\DEBUG.WIN32\SKELETONDATA.OBJ
E:\SY\DDMJ\DUODUO_NEW\GAMEBASE\COCOS2D\COCOS\EDITOR-SUPPORT\SPINE\PROJ.WIN32\DEBUG.WIN32\SKIN.OBJ
E:\SY\DDMJ\DUODUO_NEW\GAMEBASE\COCOS2D\COCOS\EDITOR-SUPPORT\SPINE\PROJ.WIN32\DEBUG.WIN32\SLOTDATA.OBJ
E:\SY\DDMJ\DUODUO_NEW\GAMEBASE\COCOS2D\COCOS\EDITOR-SUPPORT\SPINE\PROJ.WIN32\DEBUG.WIN32\ANIMATIONSTATEDATA.OBJ
E:\SY\DDMJ\DUODUO_NEW\GAMEBASE\COCOS2D\COCOS\EDITOR-SUPPORT\SPINE\PROJ.WIN32\DEBUG.WIN32\ATLASATTACHMENTLOADER.OBJ
E:\SY\DDMJ\DUODUO_NEW\GAMEBASE\COCOS2D\COCOS\EDITOR-SUPPORT\SPINE\PROJ.WIN32\DEBUG.WIN32\BONE.OBJ
E:\SY\DDMJ\DUODUO_NEW\GAMEBASE\COCOS2D\COCOS\EDITOR-SUPPORT\SPINE\PROJ.WIN32\DEBUG.WIN32\IKCONSTRAINT.OBJ
E:\SY\DDMJ\DUODUO_NEW\GAMEBASE\COCOS2D\COCOS\EDITOR-SUPPORT\SPINE\PROJ.WIN32\DEBUG.WIN32\REGIONATTACHMENT.OBJ
E:\SY\DDMJ\DUODUO_NEW\GAMEBASE\COCOS2D\COCOS\EDITOR-SUPPORT\SPINE\PROJ.WIN32\DEBUG.WIN32\SKELETONJSON.OBJ
E:\SY\DDMJ\DUODUO_NEW\GAMEBASE\COCOS2D\COCOS\EDITOR-SUPPORT\SPINE\PROJ.WIN32\DEBUG.WIN32\ATLAS.OBJ
E:\SY\DDMJ\DUODUO_NEW\GAMEBASE\COCOS2D\COCOS\EDITOR-SUPPORT\SPINE\PROJ.WIN32\DEBUG.WIN32\ATTACHMENT.OBJ
E:\SY\DDMJ\DUODUO_NEW\GAMEBASE\COCOS2D\COCOS\EDITOR-SUPPORT\SPINE\PROJ.WIN32\DEBUG.WIN32\BONEDATA.OBJ
E:\SY\DDMJ\DUODUO_NEW\GAMEBASE\COCOS2D\COCOS\EDITOR-SUPPORT\SPINE\PROJ.WIN32\DEBUG.WIN32\EVENTDATA.OBJ
E:\SY\DDMJ\DUODUO_NEW\GAMEBASE\COCOS2D\COCOS\EDITOR-SUPPORT\SPINE\PROJ.WIN32\DEBUG.WIN32\JSON.OBJ
E:\SY\DDMJ\DUODUO_NEW\GAMEBASE\COCOS2D\COCOS\EDITOR-SUPPORT\SPINE\PROJ.WIN32\DEBUG.WIN32\SKELETONBOUNDS.OBJ
E:\SY\DDMJ\DUODUO_NEW\GAMEBASE\COCOS2D\COCOS\EDITOR-SUPPORT\SPINE\PROJ.WIN32\DEBUG.WIN32\SLOT.OBJ
E:\SY\DDMJ\DUODUO_NEW\GAMEBASE\COCOS2D\COCOS\EDITOR-SUPPORT\SPINE\PROJ.WIN32\DEBUG.WIN32\VC110.PDB
E:\SY\DDMJ\DUODUO_NEW\GAMEBASE\COCOS2D\COCOS\EDITOR-SUPPORT\SPINE\PROJ.WIN32\DEBUG.WIN32\SPINE-COCOS2DX.OBJ
E:\SY\DDMJ\DUODUO_NEW\GAMEBASE\COCOS2D\COCOS\EDITOR-SUPPORT\SPINE\PROJ.WIN32\DEBUG.WIN32\SKELETONANIMATION.OBJ
E:\SY\DDMJ\DUODUO_NEW\GAMEBASE\COCOS2D\COCOS\EDITOR-SUPPORT\SPINE\PROJ.WIN32\DEBUG.WIN32\POLYGONBATCH.OBJ
E:\SY\DDMJ\DUODUO_NEW\GAMEBASE\COCOS2D\COCOS\EDITOR-SUPPORT\SPINE\PROJ.WIN32\DEBUG.WIN32\SKELETONRENDERER.OBJ
E:\SY\DUODUO_NEW\GAMEBASE\PROJ.WIN32\DEBUG.WIN32\LIBSPINE.LIB
E:\SY\GAMEBASE\PROJ.WIN32\DEBUG.WIN32\LIBSPINE.LIB
E:\SY\多多麻将2017-3-3\DUODUO_NEW\GAMEBASE\PROJ.WIN32\DEBUG.WIN32\LIBSPINE.LIB
E:\SY\DDMJ\DUODUO_NEW\GAMEBASE\PROJ.WIN32\DEBUG.WIN32\LIBSPINE.LIB
F:\湖南麻将发给客户\客户端\duoduo_new\GameBase\cocos2d\cocos\editor-support\spine\proj.win32\Debug.win32\Animation.obj
F:\湖南麻将发给客户\客户端\duoduo_new\GameBase\cocos2d\cocos\editor-support\spine\proj.win32\Debug.win32\AnimationState.obj
F:\湖南麻将发给客户\客户端\duoduo_new\GameBase\cocos2d\cocos\editor-support\spine\proj.win32\Debug.win32\AnimationStateData.obj
F:\湖南麻将发给客户\客户端\duoduo_new\GameBase\cocos2d\cocos\editor-support\spine\proj.win32\Debug.win32\Atlas.obj
F:\湖南麻将发给客户\客户端\duoduo_new\GameBase\cocos2d\cocos\editor-support\spine\proj.win32\Debug.win32\AtlasAttachmentLoader.obj
F:\湖南麻将发给客户\客户端\duoduo_new\GameBase\cocos2d\cocos\editor-support\spine\proj.win32\Debug.win32\Attachment.obj
F:\湖南麻将发给客户\客户端\duoduo_new\GameBase\cocos2d\cocos\editor-support\spine\proj.win32\Debug.win32\AttachmentLoader.obj
F:\湖南麻将发给客户\客户端\duoduo_new\GameBase\cocos2d\cocos\editor-support\spine\proj.win32\Debug.win32\Bone.obj
F:\湖南麻将发给客户\客户端\duoduo_new\GameBase\cocos2d\cocos\editor-support\spine\proj.win32\Debug.win32\BoneData.obj
F:\湖南麻将发给客户\客户端\duoduo_new\GameBase\cocos2d\cocos\editor-support\spine\proj.win32\Debug.win32\BoundingBoxAttachment.obj
F:\湖南麻将发给客户\客户端\duoduo_new\GameBase\cocos2d\cocos\editor-support\spine\proj.win32\Debug.win32\Event.obj
F:\湖南麻将发给客户\客户端\duoduo_new\GameBase\cocos2d\cocos\editor-support\spine\proj.win32\Debug.win32\EventData.obj
F:\湖南麻将发给客户\客户端\duoduo_new\GameBase\cocos2d\cocos\editor-support\spine\proj.win32\Debug.win32\extension.obj
F:\湖南麻将发给客户\客户端\duoduo_new\GameBase\cocos2d\cocos\editor-support\spine\proj.win32\Debug.win32\IkConstraint.obj
F:\湖南麻将发给客户\客户端\duoduo_new\GameBase\cocos2d\cocos\editor-support\spine\proj.win32\Debug.win32\IkConstraintData.obj
F:\湖南麻将发给客户\客户端\duoduo_new\GameBase\cocos2d\cocos\editor-support\spine\proj.win32\Debug.win32\Json.obj
F:\湖南麻将发给客户\客户端\duoduo_new\GameBase\cocos2d\cocos\editor-support\spine\proj.win32\Debug.win32\MeshAttachment.obj
F:\湖南麻将发给客户\客户端\duoduo_new\GameBase\cocos2d\cocos\editor-support\spine\proj.win32\Debug.win32\PolygonBatch.obj
F:\湖南麻将发给客户\客户端\duoduo_new\GameBase\cocos2d\cocos\editor-support\spine\proj.win32\Debug.win32\RegionAttachment.obj
F:\湖南麻将发给客户\客户端\duoduo_new\GameBase\cocos2d\cocos\editor-support\spine\proj.win32\Debug.win32\Skeleton.obj
F:\湖南麻将发给客户\客户端\duoduo_new\GameBase\cocos2d\cocos\editor-support\spine\proj.win32\Debug.win32\SkeletonAnimation.obj
F:\湖南麻将发给客户\客户端\duoduo_new\GameBase\cocos2d\cocos\editor-support\spine\proj.win32\Debug.win32\SkeletonBounds.obj
F:\湖南麻将发给客户\客户端\duoduo_new\GameBase\cocos2d\cocos\editor-support\spine\proj.win32\Debug.win32\SkeletonData.obj
F:\湖南麻将发给客户\客户端\duoduo_new\GameBase\cocos2d\cocos\editor-support\spine\proj.win32\Debug.win32\SkeletonJson.obj
F:\湖南麻将发给客户\客户端\duoduo_new\GameBase\cocos2d\cocos\editor-support\spine\proj.win32\Debug.win32\SkeletonRenderer.obj
F:\湖南麻将发给客户\客户端\duoduo_new\GameBase\cocos2d\cocos\editor-support\spine\proj.win32\Debug.win32\Skin.obj
F:\湖南麻将发给客户\客户端\duoduo_new\GameBase\cocos2d\cocos\editor-support\spine\proj.win32\Debug.win32\SkinnedMeshAttachment.obj
F:\湖南麻将发给客户\客户端\duoduo_new\GameBase\cocos2d\cocos\editor-support\spine\proj.win32\Debug.win32\Slot.obj
F:\湖南麻将发给客户\客户端\duoduo_new\GameBase\cocos2d\cocos\editor-support\spine\proj.win32\Debug.win32\SlotData.obj
F:\湖南麻将发给客户\客户端\duoduo_new\GameBase\cocos2d\cocos\editor-support\spine\proj.win32\Debug.win32\spine-cocos2dx.obj
F:\湖南麻将发给客户\客户端\duoduo_new\GameBase\cocos2d\cocos\editor-support\spine\proj.win32\Debug.win32\CL.10176.read.1.tlog
F:\湖南麻将发给客户\客户端\duoduo_new\GameBase\cocos2d\cocos\editor-support\spine\proj.win32\Debug.win32\CL.10176.write.1.tlog
F:\湖南麻将发给客户\客户端\duoduo_new\GameBase\cocos2d\cocos\editor-support\spine\proj.win32\Debug.win32\CL.10732.read.1.tlog
F:\湖南麻将发给客户\客户端\duoduo_new\GameBase\cocos2d\cocos\editor-support\spine\proj.win32\Debug.win32\CL.10732.write.1.tlog
F:\湖南麻将发给客户\客户端\duoduo_new\GameBase\cocos2d\cocos\editor-support\spine\proj.win32\Debug.win32\CL.10840.read.1.tlog
F:\湖南麻将发给客户\客户端\duoduo_new\GameBase\cocos2d\cocos\editor-support\spine\proj.win32\Debug.win32\CL.10840.write.1.tlog
F:\湖南麻将发给客户\客户端\duoduo_new\GameBase\cocos2d\cocos\editor-support\spine\proj.win32\Debug.win32\CL.12576.read.1.tlog
F:\湖南麻将发给客户\客户端\duoduo_new\GameBase\cocos2d\cocos\editor-support\spine\proj.win32\Debug.win32\CL.12576.write.1.tlog
F:\湖南麻将发给客户\客户端\duoduo_new\GameBase\cocos2d\cocos\editor-support\spine\proj.win32\Debug.win32\CL.12960.read.1.tlog
F:\湖南麻将发给客户\客户端\duoduo_new\GameBase\cocos2d\cocos\editor-support\spine\proj.win32\Debug.win32\CL.12960.write.1.tlog
F:\湖南麻将发给客户\客户端\duoduo_new\GameBase\cocos2d\cocos\editor-support\spine\proj.win32\Debug.win32\CL.1700.read.1.tlog
F:\湖南麻将发给客户\客户端\duoduo_new\GameBase\cocos2d\cocos\editor-support\spine\proj.win32\Debug.win32\CL.1700.write.1.tlog
F:\湖南麻将发给客户\客户端\duoduo_new\GameBase\cocos2d\cocos\editor-support\spine\proj.win32\Debug.win32\CL.2460.read.1.tlog
F:\湖南麻将发给客户\客户端\duoduo_new\GameBase\cocos2d\cocos\editor-support\spine\proj.win32\Debug.win32\CL.2460.write.1.tlog
F:\湖南麻将发给客户\客户端\duoduo_new\GameBase\cocos2d\cocos\editor-support\spine\proj.win32\Debug.win32\CL.2548.read.1.tlog
F:\湖南麻将发给客户\客户端\duoduo_new\GameBase\cocos2d\cocos\editor-support\spine\proj.win32\Debug.win32\CL.2548.write.1.tlog
F:\湖南麻将发给客户\客户端\duoduo_new\GameBase\cocos2d\cocos\editor-support\spine\proj.win32\Debug.win32\CL.2836.read.1.tlog
F:\湖南麻将发给客户\客户端\duoduo_new\GameBase\cocos2d\cocos\editor-support\spine\proj.win32\Debug.win32\CL.2836.write.1.tlog
F:\湖南麻将发给客户\客户端\duoduo_new\GameBase\cocos2d\cocos\editor-support\spine\proj.win32\Debug.win32\CL.3348.read.1.tlog
F:\湖南麻将发给客户\客户端\duoduo_new\GameBase\cocos2d\cocos\editor-support\spine\proj.win32\Debug.win32\CL.3348.write.1.tlog
F:\湖南麻将发给客户\客户端\duoduo_new\GameBase\cocos2d\cocos\editor-support\spine\proj.win32\Debug.win32\CL.3620.read.1.tlog
F:\湖南麻将发给客户\客户端\duoduo_new\GameBase\cocos2d\cocos\editor-support\spine\proj.win32\Debug.win32\CL.3620.write.1.tlog
F:\湖南麻将发给客户\客户端\duoduo_new\GameBase\cocos2d\cocos\editor-support\spine\proj.win32\Debug.win32\CL.3848.read.1.tlog
F:\湖南麻将发给客户\客户端\duoduo_new\GameBase\cocos2d\cocos\editor-support\spine\proj.win32\Debug.win32\CL.3848.write.1.tlog
F:\湖南麻将发给客户\客户端\duoduo_new\GameBase\cocos2d\cocos\editor-support\spine\proj.win32\Debug.win32\CL.4036.read.1.tlog
F:\湖南麻将发给客户\客户端\duoduo_new\GameBase\cocos2d\cocos\editor-support\spine\proj.win32\Debug.win32\CL.4036.write.1.tlog
F:\湖南麻将发给客户\客户端\duoduo_new\GameBase\cocos2d\cocos\editor-support\spine\proj.win32\Debug.win32\CL.4144.read.1.tlog
F:\湖南麻将发给客户\客户端\duoduo_new\GameBase\cocos2d\cocos\editor-support\spine\proj.win32\Debug.win32\CL.4144.write.1.tlog
F:\湖南麻将发给客户\客户端\duoduo_new\GameBase\cocos2d\cocos\editor-support\spine\proj.win32\Debug.win32\CL.4148.read.1.tlog
F:\湖南麻将发给客户\客户端\duoduo_new\GameBase\cocos2d\cocos\editor-support\spine\proj.win32\Debug.win32\CL.4148.write.1.tlog
F:\湖南麻将发给客户\客户端\duoduo_new\GameBase\cocos2d\cocos\editor-support\spine\proj.win32\Debug.win32\CL.4296.read.1.tlog
F:\湖南麻将发给客户\客户端\duoduo_new\GameBase\cocos2d\cocos\editor-support\spine\proj.win32\Debug.win32\CL.4296.write.1.tlog
F:\湖南麻将发给客户\客户端\duoduo_new\GameBase\cocos2d\cocos\editor-support\spine\proj.win32\Debug.win32\CL.4648.read.1.tlog
F:\湖南麻将发给客户\客户端\duoduo_new\GameBase\cocos2d\cocos\editor-support\spine\proj.win32\Debug.win32\CL.4648.write.1.tlog
F:\湖南麻将发给客户\客户端\duoduo_new\GameBase\cocos2d\cocos\editor-support\spine\proj.win32\Debug.win32\CL.4748.read.1.tlog
F:\湖南麻将发给客户\客户端\duoduo_new\GameBase\cocos2d\cocos\editor-support\spine\proj.win32\Debug.win32\CL.4748.write.1.tlog
F:\湖南麻将发给客户\客户端\duoduo_new\GameBase\cocos2d\cocos\editor-support\spine\proj.win32\Debug.win32\CL.5024.read.1.tlog
F:\湖南麻将发给客户\客户端\duoduo_new\GameBase\cocos2d\cocos\editor-support\spine\proj.win32\Debug.win32\CL.5024.write.1.tlog
F:\湖南麻将发给客户\客户端\duoduo_new\GameBase\cocos2d\cocos\editor-support\spine\proj.win32\Debug.win32\CL.5284.read.1.tlog
F:\湖南麻将发给客户\客户端\duoduo_new\GameBase\cocos2d\cocos\editor-support\spine\proj.win32\Debug.win32\CL.5284.write.1.tlog
F:\湖南麻将发给客户\客户端\duoduo_new\GameBase\cocos2d\cocos\editor-support\spine\proj.win32\Debug.win32\CL.5340.read.1.tlog
F:\湖南麻将发给客户\客户端\duoduo_new\GameBase\cocos2d\cocos\editor-support\spine\proj.win32\Debug.win32\CL.5340.write.1.tlog
F:\湖南麻将发给客户\客户端\duoduo_new\GameBase\cocos2d\cocos\editor-support\spine\proj.win32\Debug.win32\CL.5532.read.1.tlog
F:\湖南麻将发给客户\客户端\duoduo_new\GameBase\cocos2d\cocos\editor-support\spine\proj.win32\Debug.win32\CL.5532.write.1.tlog
F:\湖南麻将发给客户\客户端\duoduo_new\GameBase\cocos2d\cocos\editor-support\spine\proj.win32\Debug.win32\CL.5668.read.1.tlog
F:\湖南麻将发给客户\客户端\duoduo_new\GameBase\cocos2d\cocos\editor-support\spine\proj.win32\Debug.win32\CL.5668.write.1.tlog
F:\湖南麻将发给客户\客户端\duoduo_new\GameBase\cocos2d\cocos\editor-support\spine\proj.win32\Debug.win32\CL.6096.read.1.tlog
F:\湖南麻将发给客户\客户端\duoduo_new\GameBase\cocos2d\cocos\editor-support\spine\proj.win32\Debug.win32\CL.6096.write.1.tlog
F:\湖南麻将发给客户\客户端\duoduo_new\GameBase\cocos2d\cocos\editor-support\spine\proj.win32\Debug.win32\CL.6572.read.1.tlog
F:\湖南麻将发给客户\客户端\duoduo_new\GameBase\cocos2d\cocos\editor-support\spine\proj.win32\Debug.win32\CL.6572.write.1.tlog
F:\湖南麻将发给客户\客户端\duoduo_new\GameBase\cocos2d\cocos\editor-support\spine\proj.win32\Debug.win32\CL.6596.read.1.tlog
F:\湖南麻将发给客户\客户端\duoduo_new\GameBase\cocos2d\cocos\editor-support\spine\proj.win32\Debug.win32\CL.6596.write.1.tlog
F:\湖南麻将发给客户\客户端\duoduo_new\GameBase\cocos2d\cocos\editor-support\spine\proj.win32\Debug.win32\CL.7160.read.1.tlog
F:\湖南麻将发给客户\客户端\duoduo_new\GameBase\cocos2d\cocos\editor-support\spine\proj.win32\Debug.win32\CL.7160.write.1.tlog
F:\湖南麻将发给客户\客户端\duoduo_new\GameBase\cocos2d\cocos\editor-support\spine\proj.win32\Debug.win32\CL.7188.read.1.tlog
F:\湖南麻将发给客户\客户端\duoduo_new\GameBase\cocos2d\cocos\editor-support\spine\proj.win32\Debug.win32\CL.7188.write.1.tlog
F:\湖南麻将发给客户\客户端\duoduo_new\GameBase\cocos2d\cocos\editor-support\spine\proj.win32\Debug.win32\CL.7228.read.1.tlog
F:\湖南麻将发给客户\客户端\duoduo_new\GameBase\cocos2d\cocos\editor-support\spine\proj.win32\Debug.win32\CL.7228.write.1.tlog
F:\湖南麻将发给客户\客户端\duoduo_new\GameBase\cocos2d\cocos\editor-support\spine\proj.win32\Debug.win32\CL.7356.read.1.tlog
F:\湖南麻将发给客户\客户端\duoduo_new\GameBase\cocos2d\cocos\editor-support\spine\proj.win32\Debug.win32\CL.7356.write.1.tlog
F:\湖南麻将发给客户\客户端\duoduo_new\GameBase\cocos2d\cocos\editor-support\spine\proj.win32\Debug.win32\CL.7624.read.1.tlog
F:\湖南麻将发给客户\客户端\duoduo_new\GameBase\cocos2d\cocos\editor-support\spine\proj.win32\Debug.win32\CL.7624.write.1.tlog
F:\湖南麻将发给客户\客户端\duoduo_new\GameBase\cocos2d\cocos\editor-support\spine\proj.win32\Debug.win32\CL.7736.read.1.tlog
F:\湖南麻将发给客户\客户端\duoduo_new\GameBase\cocos2d\cocos\editor-support\spine\proj.win32\Debug.win32\CL.7736.write.1.tlog
F:\湖南麻将发给客户\客户端\duoduo_new\GameBase\cocos2d\cocos\editor-support\spine\proj.win32\Debug.win32\CL.7760.read.1.tlog
F:\湖南麻将发给客户\客户端\duoduo_new\GameBase\cocos2d\cocos\editor-support\spine\proj.win32\Debug.win32\CL.7760.write.1.tlog
F:\湖南麻将发给客户\客户端\duoduo_new\GameBase\cocos2d\cocos\editor-support\spine\proj.win32\Debug.win32\CL.7792.read.1.tlog
F:\湖南麻将发给客户\客户端\duoduo_new\GameBase\cocos2d\cocos\editor-support\spine\proj.win32\Debug.win32\CL.7792.write.1.tlog
F:\湖南麻将发给客户\客户端\duoduo_new\GameBase\cocos2d\cocos\editor-support\spine\proj.win32\Debug.win32\CL.7948.read.1.tlog
F:\湖南麻将发给客户\客户端\duoduo_new\GameBase\cocos2d\cocos\editor-support\spine\proj.win32\Debug.win32\CL.7948.write.1.tlog
F:\湖南麻将发给客户\客户端\duoduo_new\GameBase\cocos2d\cocos\editor-support\spine\proj.win32\Debug.win32\CL.7956.read.1.tlog
F:\湖南麻将发给客户\客户端\duoduo_new\GameBase\cocos2d\cocos\editor-support\spine\proj.win32\Debug.win32\CL.7956.write.1.tlog
F:\湖南麻将发给客户\客户端\duoduo_new\GameBase\cocos2d\cocos\editor-support\spine\proj.win32\Debug.win32\CL.8044.read.1.tlog
F:\湖南麻将发给客户\客户端\duoduo_new\GameBase\cocos2d\cocos\editor-support\spine\proj.win32\Debug.win32\CL.8044.write.1.tlog
F:\湖南麻将发给客户\客户端\duoduo_new\GameBase\cocos2d\cocos\editor-support\spine\proj.win32\Debug.win32\CL.8072.read.1.tlog
F:\湖南麻将发给客户\客户端\duoduo_new\GameBase\cocos2d\cocos\editor-support\spine\proj.win32\Debug.win32\CL.8072.write.1.tlog
F:\湖南麻将发给客户\客户端\duoduo_new\GameBase\cocos2d\cocos\editor-support\spine\proj.win32\Debug.win32\CL.8076.read.1.tlog
F:\湖南麻将发给客户\客户端\duoduo_new\GameBase\cocos2d\cocos\editor-support\spine\proj.win32\Debug.win32\CL.8076.write.1.tlog
F:\湖南麻将发给客户\客户端\duoduo_new\GameBase\cocos2d\cocos\editor-support\spine\proj.win32\Debug.win32\CL.980.read.1.tlog
F:\湖南麻将发给客户\客户端\duoduo_new\GameBase\cocos2d\cocos\editor-support\spine\proj.win32\Debug.win32\CL.980.write.1.tlog
F:\湖南麻将发给客户\客户端\duoduo_new\GameBase\cocos2d\cocos\editor-support\spine\proj.win32\Debug.win32\cl.command.1.tlog
F:\湖南麻将发给客户\客户端\duoduo_new\GameBase\cocos2d\cocos\editor-support\spine\proj.win32\Debug.win32\CL.read.1.tlog
F:\湖南麻将发给客户\客户端\duoduo_new\GameBase\cocos2d\cocos\editor-support\spine\proj.win32\Debug.win32\cl.write.1.tlog
F:\湖南麻将发给客户\客户端\duoduo_new\GameBase\cocos2d\cocos\editor-support\spine\proj.win32\Debug.win32\Lib-link.read.1.tlog
F:\湖南麻将发给客户\客户端\duoduo_new\GameBase\cocos2d\cocos\editor-support\spine\proj.win32\Debug.win32\Lib-link.write.1.tlog
F:\湖南麻将发给客户\客户端\duoduo_new\GameBase\cocos2d\cocos\editor-support\spine\proj.win32\Debug.win32\lib.command.1.tlog
F:\湖南麻将发给客户\客户端\duoduo_new\GameBase\cocos2d\cocos\editor-support\spine\proj.win32\Debug.win32\vc110.idb
F:\湖南麻将发给客户\客户端\duoduo_new\GameBase\cocos2d\cocos\editor-support\spine\proj.win32\Debug.win32\vc110.pdb
F:\湖南麻将发给客户\客户端\duoduo_new\GameBase\proj.win32\Debug.win32\libSpine.lib
